build	Activate virtual environment and run tests with pytest	2024-06-21T16:25:56.5649226Z 
build	Activate virtual environment and run tests with pytest	2024-06-21T16:25:56.5649527Z =================================== FAILURES ===================================
build	Activate virtual environment and run tests with pytest	2024-06-21T16:25:56.5651603Z __________________ TestCandidateManagement.test_add_candidate __________________
build	Activate virtual environment and run tests with pytest	2024-06-21T16:25:56.5652335Z 
build	Activate virtual environment and run tests with pytest	2024-06-21T16:25:56.5652800Z self = <sqlalchemy.engine.base.Connection object at 0x7f7b1f4946a0>
build	Activate virtual environment and run tests with pytest	2024-06-21T16:25:56.5654151Z dialect = <sqlalchemy.dialects.sqlite.pysqlite.SQLiteDialect_pysqlite object at 0x7f7b1f5e9970>
build	Activate virtual environment and run tests with pytest	2024-06-21T16:25:56.5656537Z constructor = <bound method DefaultExecutionContext._init_compiled of <class 'sqlalchemy.dialects.sqlite.base.SQLiteExecutionContext'>>
build	Activate virtual environment and run tests with pytest	2024-06-21T16:25:56.5658592Z statement = 'INSERT INTO candidates (first_name, last_name, email, phone, resume) VALUES (?, ?, ?, ?, ?)'
build	Activate virtual environment and run tests with pytest	2024-06-21T16:25:56.5660202Z parameters = ('John', 'Doe', 'john.doe22feec@example.com', '12348529f9e250', 'resume.pdf')
build	Activate virtual environment and run tests with pytest	2024-06-21T16:25:56.5663181Z execution_options = immutabledict({'autocommit': True, 'compiled_cache': {(<sqlalchemy.dialects.sqlite.pysqlite.SQLiteDialect_pysqlite obj...e', 'phone', 'resume'), False, False), <sqlalchemy.dialects.sqlite.base.SQLiteCompiler object at 0x7f7b1f4a62e0>, 1]}})
build	Activate virtual environment and run tests with pytest	2024-06-21T16:25:56.5667259Z args = (<sqlalchemy.dialects.sqlite.base.SQLiteCompiler object at 0x7f7b1f4a62e0>, [{'email': 'john.doe22feec@example.com', '...'John', 'last_name': 'Doe', 'phone': '12348529f9e250', ...}], <sqlalchemy.sql.dml.Insert object at 0x7f7b1f4a61c0>, [])
build	Activate virtual environment and run tests with pytest	2024-06-21T16:25:56.5669451Z kw = {'cache_hit': symbol('CACHE_MISS')}
build	Activate virtual environment and run tests with pytest	2024-06-21T16:25:56.5670326Z branched = <sqlalchemy.engine.base.Connection object at 0x7f7b1f4946a0>
build	Activate virtual environment and run tests with pytest	2024-06-21T16:25:56.5671452Z conn = <sqlalchemy.pool.base._ConnectionFairy object at 0x7f7b1f4a6160>
build	Activate virtual environment and run tests with pytest	2024-06-21T16:25:56.5672752Z context = <sqlalchemy.dialects.sqlite.base.SQLiteExecutionContext object at 0x7f7b1f4a66d0>
build	Activate virtual environment and run tests with pytest	2024-06-21T16:25:56.5674052Z cursor = <sqlite3.Cursor object at 0x7f7b1f4893b0>, evt_handled = False
build	Activate virtual environment and run tests with pytest	2024-06-21T16:25:56.5674702Z 
build	Activate virtual environment and run tests with pytest	2024-06-21T16:25:56.5674878Z     def _execute_context(
build	Activate virtual environment and run tests with pytest	2024-06-21T16:25:56.5675331Z         self,
build	Activate virtual environment and run tests with pytest	2024-06-21T16:25:56.5675695Z         dialect,
build	Activate virtual environment and run tests with pytest	2024-06-21T16:25:56.5676522Z         constructor,
build	Activate virtual environment and run tests with pytest	2024-06-21T16:25:56.5676948Z         statement,
build	Activate virtual environment and run tests with pytest	2024-06-21T16:25:56.5677341Z         parameters,
build	Activate virtual environment and run tests with pytest	2024-06-21T16:25:56.5677779Z         execution_options,
build	Activate virtual environment and run tests with pytest	2024-06-21T16:25:56.5678251Z         *args,
build	Activate virtual environment and run tests with pytest	2024-06-21T16:25:56.5678621Z         **kw
build	Activate virtual environment and run tests with pytest	2024-06-21T16:25:56.5678983Z     ):
build	Activate virtual environment and run tests with pytest	2024-06-21T16:25:56.5679558Z         """Create an :class:`.ExecutionContext` and execute, returning
build	Activate virtual environment and run tests with pytest	2024-06-21T16:25:56.5680367Z         a :class:`_engine.CursorResult`."""
build	Activate virtual environment and run tests with pytest	2024-06-21T16:25:56.5680962Z     
build	Activate virtual environment and run tests with pytest	2024-06-21T16:25:56.5681333Z         branched = self
build	Activate virtual environment and run tests with pytest	2024-06-21T16:25:56.5681808Z         if self.__branch_from:
build	Activate virtual environment and run tests with pytest	2024-06-21T16:25:56.5682518Z             # if this is a "branched" connection, do everything in terms
--
build	Activate virtual environment and run tests with pytest	2024-06-21T16:25:56.6554284Z During handling of the above exception, another exception occurred:
build	Activate virtual environment and run tests with pytest	2024-06-21T16:25:56.6554809Z 
build	Activate virtual environment and run tests with pytest	2024-06-21T16:25:56.6555337Z self = <tests.test_candidate_management.TestCandidateManagement testMethod=test_add_candidate>
build	Activate virtual environment and run tests with pytest	2024-06-21T16:25:56.6556040Z 
build	Activate virtual environment and run tests with pytest	2024-06-21T16:25:56.6556198Z     def test_add_candidate(self):
build	Activate virtual environment and run tests with pytest	2024-06-21T16:25:56.6556823Z         unique_email = self.generate_unique_email("john.doe@example.com")
build	Activate virtual environment and run tests with pytest	2024-06-21T16:25:56.6557477Z >       candidate = add_candidate(
build	Activate virtual environment and run tests with pytest	2024-06-21T16:25:56.6557933Z             "John", "Doe", unique_email,
build	Activate virtual environment and run tests with pytest	2024-06-21T16:25:56.6558533Z             self.generate_unique_phone("1234567890"), "resume.pdf"
build	Activate virtual environment and run tests with pytest	2024-06-21T16:25:56.6559092Z         )
build	Activate virtual environment and run tests with pytest	2024-06-21T16:25:56.6559269Z 
build	Activate virtual environment and run tests with pytest	2024-06-21T16:25:56.6559444Z tests/test_candidate_management.py:61: 
build	Activate virtual environment and run tests with pytest	2024-06-21T16:25:56.6560063Z _ _ _ _ _ _ _ _ _ _ _ _ _ _ _ _ _ _ _ _ _ _ _ _ _ _ _ _ _ _ _ _ _ _ _ _ _ _ _ _ 
build	Activate virtual environment and run tests with pytest	2024-06-21T16:25:56.6560572Z 
build	Activate virtual environment and run tests with pytest	2024-06-21T16:25:56.6561042Z first_name = 'John', last_name = 'Doe', email = 'john.doe22feec@example.com'
build	Activate virtual environment and run tests with pytest	2024-06-21T16:25:56.6561842Z phone = '12348529f9e250', resume = 'resume.pdf'
build	Activate virtual environment and run tests with pytest	2024-06-21T16:25:56.6562225Z 
build	Activate virtual environment and run tests with pytest	2024-06-21T16:25:56.6562584Z     def add_candidate(first_name, last_name, email, phone=None, resume=None):
build	Activate virtual environment and run tests with pytest	2024-06-21T16:25:56.6563284Z         with Session() as session:
build	Activate virtual environment and run tests with pytest	2024-06-21T16:25:56.6563706Z             try:
build	Activate virtual environment and run tests with pytest	2024-06-21T16:25:56.6564467Z                 candidate = Candidate(first_name=first_name, last_name=last_name, email=email, phone=phone, resume=resume)
build	Activate virtual environment and run tests with pytest	2024-06-21T16:25:56.6565579Z                 session.add(candidate)
build	Activate virtual environment and run tests with pytest	2024-06-21T16:25:56.6566457Z                 session.commit()
build	Activate virtual environment and run tests with pytest	2024-06-21T16:25:56.6566907Z                 return candidate
build	Activate virtual environment and run tests with pytest	2024-06-21T16:25:56.6567335Z             except SQLAlchemyError as e:
build	Activate virtual environment and run tests with pytest	2024-06-21T16:25:56.6567791Z                 session.rollback()
build	Activate virtual environment and run tests with pytest	2024-06-21T16:25:56.6568302Z >               if isinstance(e.orig, sqlite3.OperationalError):
build	Activate virtual environment and run tests with pytest	2024-06-21T16:25:56.6569038Z E               NameError: name 'sqlite3' is not defined
build	Activate virtual environment and run tests with pytest	2024-06-21T16:25:56.6569712Z 
build	Activate virtual environment and run tests with pytest	2024-06-21T16:25:56.6569903Z scripts/candidate_management.py:21: NameError
build	Activate virtual environment and run tests with pytest	2024-06-21T16:25:56.6570596Z ----------------------------- Captured stdout call -----------------------------
build	Activate virtual environment and run tests with pytest	2024-06-21T16:25:56.6571243Z Generated unique email: john.doe22feec@example.com
build	Activate virtual environment and run tests with pytest	2024-06-21T16:25:56.6571768Z Generated unique phone: 12348529f9e250
build	Activate virtual environment and run tests with pytest	2024-06-21T16:25:56.6572391Z ________________ TestCandidateManagement.test_add_to_watchlist _________________
build	Activate virtual environment and run tests with pytest	2024-06-21T16:25:56.6572925Z 
--
build	Activate virtual environment and run tests with pytest	2024-06-21T16:25:56.8218328Z Generated unique email: john.doe8787f2@example.com
build	Activate virtual environment and run tests with pytest	2024-06-21T16:25:56.8218442Z Generated unique phone: 123419e33f005c
build	Activate virtual environment and run tests with pytest	2024-06-21T16:25:56.8218695Z _______________ TestCandidateManagementSystem.test_add_candidate _______________
build	Activate virtual environment and run tests with pytest	2024-06-21T16:25:56.8218701Z 
build	Activate virtual environment and run tests with pytest	2024-06-21T16:25:56.8219103Z self = <tests.test_candidate_management_system.TestCandidateManagementSystem testMethod=test_add_candidate>
build	Activate virtual environment and run tests with pytest	2024-06-21T16:25:56.8219115Z 
build	Activate virtual environment and run tests with pytest	2024-06-21T16:25:56.8219219Z     def test_add_candidate(self):
build	Activate virtual environment and run tests with pytest	2024-06-21T16:25:56.8219439Z         candidate = add_candidate(
build	Activate virtual environment and run tests with pytest	2024-06-21T16:25:56.8219640Z             "John", "Doe", generate_unique_email("john.doe@example.com"),
build	Activate virtual environment and run tests with pytest	2024-06-21T16:25:56.8219808Z             generate_unique_phone("1234567890"), "resume.pdf"
build	Activate virtual environment and run tests with pytest	2024-06-21T16:25:56.8219893Z         )
build	Activate virtual environment and run tests with pytest	2024-06-21T16:25:56.8220029Z         print(f"Candidate added: {candidate}")
build	Activate virtual environment and run tests with pytest	2024-06-21T16:25:56.8220237Z >       self.assertIsNotNone(candidate, "Failed to add candidate.")
build	Activate virtual environment and run tests with pytest	2024-06-21T16:25:56.8220456Z E       AssertionError: unexpectedly None : Failed to add candidate.
build	Activate virtual environment and run tests with pytest	2024-06-21T16:25:56.8220463Z 
build	Activate virtual environment and run tests with pytest	2024-06-21T16:25:56.8220655Z tests/test_candidate_management_system.py:80: AssertionError
build	Activate virtual environment and run tests with pytest	2024-06-21T16:25:56.8220905Z ---------------------------- Captured stdout setup -----------------------------
build	Activate virtual environment and run tests with pytest	2024-06-21T16:25:56.8221030Z Using DATABASE_URL: sqlite:///:memory:
build	Activate virtual environment and run tests with pytest	2024-06-21T16:25:56.8221283Z ----------------------------- Captured stdout call -----------------------------
build	Activate virtual environment and run tests with pytest	2024-06-21T16:25:56.8221389Z Setting up the test case.
build	Activate virtual environment and run tests with pytest	2024-06-21T16:25:56.8221495Z Database tables cleared.
build	Activate virtual environment and run tests with pytest	2024-06-21T16:25:56.8221610Z Remaining candidates after setup: []
build	Activate virtual environment and run tests with pytest	2024-06-21T16:25:56.8221726Z Remaining watchlists after setup: []
build	Activate virtual environment and run tests with pytest	2024-06-21T16:25:56.8221836Z Remaining interviews after setup: []
build	Activate virtual environment and run tests with pytest	2024-06-21T16:25:56.8221941Z Remaining jobs after setup: []
build	Activate virtual environment and run tests with pytest	2024-06-21T16:25:56.8222065Z Remaining applications after setup: []
build	Activate virtual environment and run tests with pytest	2024-06-21T16:25:56.8222348Z Error adding candidate: (sqlite3.OperationalError) unable to open database file
build	Activate virtual environment and run tests with pytest	2024-06-21T16:25:56.8222547Z (Background on this error at: http://sqlalche.me/e/14/e3q8)
build	Activate virtual environment and run tests with pytest	2024-06-21T16:25:56.8222649Z Candidate added: None
build	Activate virtual environment and run tests with pytest	2024-06-21T16:25:56.8222902Z _____________ TestCandidateManagementSystem.test_add_to_watchlist ______________
build	Activate virtual environment and run tests with pytest	2024-06-21T16:25:56.8222908Z 
build	Activate virtual environment and run tests with pytest	2024-06-21T16:25:56.8223316Z self = <tests.test_candidate_management_system.TestCandidateManagementSystem testMethod=test_add_to_watchlist>
build	Activate virtual environment and run tests with pytest	2024-06-21T16:25:56.8223333Z 
build	Activate virtual environment and run tests with pytest	2024-06-21T16:25:56.8223439Z     def test_add_to_watchlist(self):
build	Activate virtual environment and run tests with pytest	2024-06-21T16:25:56.8223545Z         candidate = add_candidate(
build	Activate virtual environment and run tests with pytest	2024-06-21T16:25:56.8223754Z             "John", "Doe", generate_unique_email("john.doe5@example.com"),
build	Activate virtual environment and run tests with pytest	2024-06-21T16:25:56.8223915Z             generate_unique_phone("1234567894"), "resume.pdf"
--
build	Activate virtual environment and run tests with pytest	2024-06-21T16:25:56.8253868Z Database tables dropped and session closed.
build	Activate virtual environment and run tests with pytest	2024-06-21T16:25:56.8254042Z =========================== short test summary info ============================
build	Activate virtual environment and run tests with pytest	2024-06-21T16:25:56.8254374Z FAILED tests/test_candidate_management.py::TestCandidateManagement::test_add_candidate
build	Activate virtual environment and run tests with pytest	2024-06-21T16:25:56.8254687Z FAILED tests/test_candidate_management.py::TestCandidateManagement::test_add_to_watchlist
build	Activate virtual environment and run tests with pytest	2024-06-21T16:25:56.8255001Z FAILED tests/test_candidate_management.py::TestCandidateManagement::test_delete_candidate
build	Activate virtual environment and run tests with pytest	2024-06-21T16:25:56.8255346Z FAILED tests/test_candidate_management.py::TestCandidateManagement::test_get_candidate_by_email
build	Activate virtual environment and run tests with pytest	2024-06-21T16:25:56.8255683Z FAILED tests/test_candidate_management.py::TestCandidateManagement::test_remove_from_watchlist
build	Activate virtual environment and run tests with pytest	2024-06-21T16:25:56.8256018Z FAILED tests/test_candidate_management.py::TestCandidateManagement::test_schedule_interview
build	Activate virtual environment and run tests with pytest	2024-06-21T16:25:56.8256329Z FAILED tests/test_candidate_management.py::TestCandidateManagement::test_update_candidate
build	Activate virtual environment and run tests with pytest	2024-06-21T16:25:56.8256674Z FAILED tests/test_candidate_management.py::TestCandidateManagement::test_update_interview_status
build	Activate virtual environment and run tests with pytest	2024-06-21T16:25:56.8257041Z FAILED tests/test_candidate_management_system.py::TestCandidateManagementSystem::test_add_candidate
build	Activate virtual environment and run tests with pytest	2024-06-21T16:25:56.8257414Z FAILED tests/test_candidate_management_system.py::TestCandidateManagementSystem::test_add_to_watchlist
build	Activate virtual environment and run tests with pytest	2024-06-21T16:25:56.8257952Z FAILED tests/test_candidate_management_system.py::TestCandidateManagementSystem::test_auto_apply_to_jobs
build	Activate virtual environment and run tests with pytest	2024-06-21T16:25:56.8258378Z FAILED tests/test_candidate_management_system.py::TestCandidateManagementSystem::test_delete_candidate
build	Activate virtual environment and run tests with pytest	2024-06-21T16:25:56.8258780Z FAILED tests/test_candidate_management_system.py::TestCandidateManagementSystem::test_get_candidate_by_email
build	Activate virtual environment and run tests with pytest	2024-06-21T16:25:56.8259188Z FAILED tests/test_candidate_management_system.py::TestCandidateManagementSystem::test_remove_from_watchlist
build	Activate virtual environment and run tests with pytest	2024-06-21T16:25:56.8259577Z FAILED tests/test_candidate_management_system.py::TestCandidateManagementSystem::test_schedule_interview
build	Activate virtual environment and run tests with pytest	2024-06-21T16:25:56.8259951Z FAILED tests/test_candidate_management_system.py::TestCandidateManagementSystem::test_update_candidate
build	Activate virtual environment and run tests with pytest	2024-06-21T16:25:56.8260358Z FAILED tests/test_candidate_management_system.py::TestCandidateManagementSystem::test_update_interview_status
build	Activate virtual environment and run tests with pytest	2024-06-21T16:25:56.8260536Z ========================= 17 failed, 5 passed in 3.32s =========================
build	Activate virtual environment and run tests with pytest	2024-06-21T16:25:56.8271803Z ##[error]Process completed with exit code 1.
build	Post Checkout repository	2024-06-21T16:25:56.8354124Z Post job cleanup.
build	Post Checkout repository	2024-06-21T16:25:56.9189261Z [command]/usr/bin/git version
build	Post Checkout repository	2024-06-21T16:25:56.9239979Z git version 2.45.2
build	Post Checkout repository	2024-06-21T16:25:56.9281437Z Temporarily overriding HOME='/home/runner/work/_temp/64cd6f22-f247-4f51-a617-ec301042b236' before making global git config changes
build	Post Checkout repository	2024-06-21T16:25:56.9282315Z Adding repository directory to the temporary git global config as a safe directory
build	Post Checkout repository	2024-06-21T16:25:56.9288426Z [command]/usr/bin/git config --global --add safe.directory /home/runner/work/jobsearching-agent/jobsearching-agent
build	Post Checkout repository	2024-06-21T16:25:56.9330247Z [command]/usr/bin/git config --local --name-only --get-regexp core\.sshCommand
build	Post Checkout repository	2024-06-21T16:25:56.9370386Z [command]/usr/bin/git submodule foreach --recursive sh -c "git config --local --name-only --get-regexp 'core\.sshCommand' && git config --local --unset-all 'core.sshCommand' || :"
build	Post Checkout repository	2024-06-21T16:25:56.9625421Z [command]/usr/bin/git config --local --name-only --get-regexp http\.https\:\/\/github\.com\/\.extraheader
build	Post Checkout repository	2024-06-21T16:25:56.9657661Z http.https://github.com/.extraheader
build	Post Checkout repository	2024-06-21T16:25:56.9669434Z [command]/usr/bin/git config --local --unset-all http.https://github.com/.extraheader
build	Post Checkout repository	2024-06-21T16:25:56.9709231Z [command]/usr/bin/git submodule foreach --recursive sh -c "git config --local --name-only --get-regexp 'http\.https\:\/\/github\.com\/\.extraheader' && git config --local --unset-all 'http.https://github.com/.extraheader' || :"
build	Complete job	2024-06-21T16:25:57.0183221Z Cleaning up orphan processes
