build	Activate virtual environment and run tests with pytest	2024-06-21T16:25:56.8253736Z Tearing down the test class.
build	Activate virtual environment and run tests with pytest	2024-06-21T16:25:56.8253868Z Database tables dropped and session closed.
build	Activate virtual environment and run tests with pytest	2024-06-21T16:25:56.8254042Z =========================== short test summary info ============================
build	Activate virtual environment and run tests with pytest	2024-06-21T16:25:56.8254374Z FAILED tests/test_candidate_management.py::TestCandidateManagement::test_add_candidate
build	Activate virtual environment and run tests with pytest	2024-06-21T16:25:56.8254687Z FAILED tests/test_candidate_management.py::TestCandidateManagement::test_add_to_watchlist
build	Activate virtual environment and run tests with pytest	2024-06-21T16:25:56.8255001Z FAILED tests/test_candidate_management.py::TestCandidateManagement::test_delete_candidate
build	Activate virtual environment and run tests with pytest	2024-06-21T16:25:56.8255346Z FAILED tests/test_candidate_management.py::TestCandidateManagement::test_get_candidate_by_email
build	Activate virtual environment and run tests with pytest	2024-06-21T16:25:56.8255683Z FAILED tests/test_candidate_management.py::TestCandidateManagement::test_remove_from_watchlist
build	Activate virtual environment and run tests with pytest	2024-06-21T16:25:56.8256018Z FAILED tests/test_candidate_management.py::TestCandidateManagement::test_schedule_interview
build	Activate virtual environment and run tests with pytest	2024-06-21T16:25:56.8256329Z FAILED tests/test_candidate_management.py::TestCandidateManagement::test_update_candidate
build	Activate virtual environment and run tests with pytest	2024-06-21T16:25:56.8256674Z FAILED tests/test_candidate_management.py::TestCandidateManagement::test_update_interview_status
build	Activate virtual environment and run tests with pytest	2024-06-21T16:25:56.8257041Z FAILED tests/test_candidate_management_system.py::TestCandidateManagementSystem::test_add_candidate
build	Activate virtual environment and run tests with pytest	2024-06-21T16:25:56.8257414Z FAILED tests/test_candidate_management_system.py::TestCandidateManagementSystem::test_add_to_watchlist
build	Activate virtual environment and run tests with pytest	2024-06-21T16:25:56.8257952Z FAILED tests/test_candidate_management_system.py::TestCandidateManagementSystem::test_auto_apply_to_jobs
build	Activate virtual environment and run tests with pytest	2024-06-21T16:25:56.8258378Z FAILED tests/test_candidate_management_system.py::TestCandidateManagementSystem::test_delete_candidate
build	Activate virtual environment and run tests with pytest	2024-06-21T16:25:56.8258780Z FAILED tests/test_candidate_management_system.py::TestCandidateManagementSystem::test_get_candidate_by_email
build	Activate virtual environment and run tests with pytest	2024-06-21T16:25:56.8259188Z FAILED tests/test_candidate_management_system.py::TestCandidateManagementSystem::test_remove_from_watchlist
build	Activate virtual environment and run tests with pytest	2024-06-21T16:25:56.8259577Z FAILED tests/test_candidate_management_system.py::TestCandidateManagementSystem::test_schedule_interview
build	Activate virtual environment and run tests with pytest	2024-06-21T16:25:56.8259951Z FAILED tests/test_candidate_management_system.py::TestCandidateManagementSystem::test_update_candidate
build	Activate virtual environment and run tests with pytest	2024-06-21T16:25:56.8260358Z FAILED tests/test_candidate_management_system.py::TestCandidateManagementSystem::test_update_interview_status
build	Activate virtual environment and run tests with pytest	2024-06-21T16:25:56.8260536Z ========================= 17 failed, 5 passed in 3.32s =========================
build	Activate virtual environment and run tests with pytest	2024-06-21T16:25:56.8271803Z ##[error]Process completed with exit code 1.
build	Post Checkout repository	2024-06-21T16:25:56.8354124Z Post job cleanup.
